<?xml version="1.0" encoding="UTF-8"?>
<!-- Generated by org.testng.reporters.JUnitReportReporter -->
<testsuite hostname="cristiano-PC" name="test.persistence.CompanyPersistenceTest" tests="2" failures="0" timestamp="4 May 2011 03:05:59 GMT" time="0,060" errors="0">
  <testcase name="testProductPersistence" time="0,017" classname="test.persistence.CompanyPersistenceTest"/>
  <testcase name="testCompanyPersistence" time="0,043" classname="test.persistence.CompanyPersistenceTest"/>
</testsuite>
