<?xml version="1.0" encoding="UTF-8"?>
<!-- Generated by org.testng.reporters.JUnitReportReporter -->
<testsuite hostname="cristiano-PC" name="test.persistence.TestPerson" tests="2" failures="0" timestamp="20 Apr 2011 02:38:03 GMT" time="0,021" errors="0">
  <testcase name="testOperatorPersistence" time="0,009" classname="test.persistence.TestPerson"/>
  <testcase name="testUserPersistence" time="0,012" classname="test.persistence.TestPerson"/>
</testsuite>
