<?xml version="1.0" encoding="UTF-8"?>
<!-- Generated by org.testng.reporters.JUnitReportReporter -->
<testsuite hostname="cristiano-PC" name="test.persistence.PersonRepositoryTest" tests="2" failures="0" timestamp="4 May 2011 03:05:59 GMT" time="4,864" errors="0">
  <testcase name="testFindPersonRepo" time="0,646" classname="test.persistence.PersonRepositoryTest"/>
  <testcase name="testAddPersonRepo" time="4,218" classname="test.persistence.PersonRepositoryTest"/>
</testsuite>
