<?xml version="1.0" encoding="UTF-8"?>
<!-- Generated by org.testng.reporters.JUnitReportReporter -->
<testsuite hostname="cristiano-PC" name="test.persistence.PersonRepositoryTest" tests="2" failures="0" timestamp="2 May 2011 02:18:48 GMT" time="1,701" errors="0">
  <testcase name="testAddPersonRepo" time="1,501" classname="test.persistence.PersonRepositoryTest"/>
  <testcase name="testFindPersonRepo" time="0,200" classname="test.persistence.PersonRepositoryTest"/>
</testsuite>
