<?xml version="1.0" encoding="UTF-8"?>
<!-- Generated by org.testng.reporters.JUnitReportReporter -->
<testsuite hostname="cristiano-PC" name="test.persistence.CompanyPersistenceTest" tests="2" failures="0" timestamp="29 Apr 2011 02:37:56 GMT" time="0,094" errors="0">
  <testcase name="testProductPersistence" time="0,016" classname="test.persistence.CompanyPersistenceTest"/>
  <testcase name="testCompanyPersistence" time="0,078" classname="test.persistence.CompanyPersistenceTest"/>
</testsuite>
