<?xml version="1.0" encoding="UTF-8"?>
<!-- Generated by org.testng.reporters.JUnitReportReporter -->
<testsuite hostname="cristiano-PC" name="test.persistence.PostPersistenceTest" tests="1" failures="0" timestamp="20 Apr 2011 02:38:03 GMT" time="0,097" errors="0">
  <testcase name="testPost" time="0,097" classname="test.persistence.PostPersistenceTest"/>
</testsuite>
