<?xml version="1.0" encoding="UTF-8"?>
<!-- Generated by org.testng.reporters.JUnitReportReporter -->
<testsuite hostname="cristiano-PC" name="test.persistence.PostPersistenceTest" tests="1" failures="0" timestamp="2 May 2011 02:18:48 GMT" time="0,056" errors="0">
  <testcase name="testPost" time="0,056" classname="test.persistence.PostPersistenceTest"/>
</testsuite>
