<?xml version="1.0" encoding="UTF-8"?>
<!-- Generated by org.testng.reporters.JUnitReportReporter -->
<testsuite hostname="cristiano-PC" name="test.persistence.PersonPersistenceTest" tests="2" failures="0" timestamp="29 Apr 2011 02:37:56 GMT" time="0,020" errors="0">
  <testcase name="testOperatorPersistence" time="0,008" classname="test.persistence.PersonPersistenceTest"/>
  <testcase name="testUserPersistence" time="0,012" classname="test.persistence.PersonPersistenceTest"/>
</testsuite>
