<?xml version="1.0" encoding="UTF-8"?>
<!-- Generated by org.testng.reporters.JUnitReportReporter -->
<testsuite hostname="cristiano-PC" name="test.persistence.PersonPersistenceTest" tests="2" failures="0" timestamp="2 May 2011 02:18:48 GMT" time="0,017" errors="0">
  <testcase name="testUserPersistence" time="0,008" classname="test.persistence.PersonPersistenceTest"/>
  <testcase name="testOperatorPersistence" time="0,009" classname="test.persistence.PersonPersistenceTest"/>
</testsuite>
