<?xml version="1.0" encoding="UTF-8"?>
<!-- Generated by org.testng.reporters.JUnitReportReporter -->
<testsuite hostname="cristiano-PC" name="test.persistence.PersonRepositoryTest" tests="2" failures="0" timestamp="2 May 2011 03:05:25 GMT" time="1,427" errors="0">
  <testcase name="testAddPersonRepo" time="1,250" classname="test.persistence.PersonRepositoryTest"/>
  <testcase name="testFindPersonRepo" time="0,177" classname="test.persistence.PersonRepositoryTest"/>
</testsuite>
