<?xml version="1.0" encoding="UTF-8"?>
<!-- Generated by org.testng.reporters.JUnitReportReporter -->
<testsuite hostname="cristiano-PC" name="test.persistence.TopicPersistenceTest" tests="1" failures="0" timestamp="2 May 2011 03:05:25 GMT" time="0,011" errors="0">
  <testcase name="testTopic" time="0,011" classname="test.persistence.TopicPersistenceTest"/>
</testsuite>
