<?xml version="1.0" encoding="UTF-8"?>
<!-- Generated by org.testng.reporters.JUnitReportReporter -->
<testsuite hostname="cristiano-PC" name="test.persistence.CompanyPersistenceTest" tests="2" failures="0" timestamp="2 May 2011 03:05:25 GMT" time="0,019" errors="0">
  <testcase name="testCompanyPersistence" time="0,010" classname="test.persistence.CompanyPersistenceTest"/>
  <testcase name="testProductPersistence" time="0,009" classname="test.persistence.CompanyPersistenceTest"/>
</testsuite>
