<?xml version="1.0" encoding="UTF-8"?>
<!-- Generated by org.testng.reporters.JUnitReportReporter -->
<testsuite hostname="cristiano-PC" name="test.persistence.PostPersistenceTest" tests="1" failures="0" timestamp="29 Apr 2011 02:37:56 GMT" time="0,020" errors="0">
  <testcase name="testPost" time="0,020" classname="test.persistence.PostPersistenceTest"/>
</testsuite>
