<?xml version="1.0" encoding="UTF-8"?>
<!-- Generated by org.testng.reporters.JUnitReportReporter -->
<testsuite hostname="cristiano-PC" name="test.persistence.PersonPersistenceTest" tests="1" failures="0" timestamp="9 Apr 2011 05:06:16 GMT" time="0,014" errors="0">
  <testcase name="f" time="0,014" classname="test.persistence.PersonPersistenceTest"/>
</testsuite>
