<?xml version="1.0" encoding="UTF-8"?>
<!-- Generated by org.testng.reporters.JUnitReportReporter -->
<testsuite hostname="cristiano-PC" name="test.persistence.TestPerson" tests="2" failures="0" timestamp="25 Apr 2011 22:51:27 GMT" time="0,028" errors="0">
  <testcase name="testOperatorPersistence" time="0,015" classname="test.persistence.TestPerson"/>
  <testcase name="testUserPersistence" time="0,013" classname="test.persistence.TestPerson"/>
</testsuite>
